mode: set
github.com/rayaneRX/awesome-api/main.go:13.13,15.44 2 0
github.com/rayaneRX/awesome-api/main.go:18.3,21.58 2 0
github.com/rayaneRX/awesome-api/main.go:15.44,17.4 1 0
github.com/rayaneRX/awesome-api/main.go:24.32,32.2 4 0
github.com/rayaneRX/awesome-api/main.go:34.65,42.2 2 0
github.com/rayaneRX/awesome-api/main.go:43.59,51.26 4 1
github.com/rayaneRX/awesome-api/main.go:61.3,61.17 1 1
github.com/rayaneRX/awesome-api/main.go:67.3,70.57 2 1
github.com/rayaneRX/awesome-api/main.go:52.13,54.22 1 1
github.com/rayaneRX/awesome-api/main.go:55.14,57.28 1 1
github.com/rayaneRX/awesome-api/main.go:61.17,64.4 2 0
